<?xml version="1.0" encoding="UTF-8"?>
<TestRun id="a28ab280-966b-41a8-8ce1-983805227462" name="hp@HP-HP 2014-02-26 07:08:30" runUser="hp-HP\hp" xmlns="http://microsoft.com/schemas/VisualStudio/TeamTest/2010">
  <TestSettings name="Local" id="26e75ab9-eaf7-4bdc-9eb3-180d1303d500">
    <Description>These are default test settings for a local test run.</Description>
    <Deployment enabled="false" runDeploymentRoot="hp_HP-HP 2014-02-26 07_08_30">
      <DeploymentItem filename="F:\New TCS Solution\AsyncCTPLibarary\WcfMovie\bin\WcfMovie.dll" />
      <DeploymentItem filename="F:\New TCS Solution\AsyncCTPLibarary\WcfMovie\bin\Debug\MoviesLibrary.dll" />
    </Deployment>
    <Execution>
      <TestTypeSpecific />
      <AgentRule name="Execution Agents">
      </AgentRule>
    </Execution>
  </TestSettings>
  <Times creation="2014-02-26T07:08:30.6775424+05:30" queuing="2014-02-26T07:08:32.2976351+05:30" start="2014-02-26T07:08:32.4186420+05:30" finish="2014-02-26T07:09:05.3785272+05:30" />
  <ResultSummary outcome="Error">
    <Counters total="5" executed="4" passed="3" error="0" failed="0" timeout="0" aborted="1" inconclusive="0" passedButRunAborted="0" notRunnable="0" notExecuted="1" disconnected="0" warning="0" completed="0" inProgress="0" pending="0" />
    <RunInfos>
      <RunInfo computerName="HP-HP" outcome="Error" timestamp="2014-02-26T07:09:05.3765271+05:30">
        <Text>Test host process exited unexpectedly.</Text>
      </RunInfo>
    </RunInfos>
  </ResultSummary>
  <TestDefinitions>
    <UnitTest name="SortbyField" storage="f:\new tcs solution\asyncctplibarary\unittest\bin\debug\unittest.dll" id="4e87278e-4535-cf24-8254-4aae1fffc16f">
      <Execution id="b9b5450d-fa22-4768-a7b3-e03739983bbe" />
      <TestMethod codeBase="F:/New TCS Solution/AsyncCTPLibarary/UnitTest/bin/Debug/UnitTest.DLL" adapterTypeName="Microsoft.VisualStudio.TestTools.TestTypes.Unit.UnitTestAdapter, Microsoft.VisualStudio.QualityTools.Tips.UnitTest.Adapter, Version=10.0.0.0, Culture=neutral, PublicKeyToken=b03f5f7f11d50a3a" className="UnitTest.WcfMovieTest, UnitTest, Version=1.0.0.0, Culture=neutral, PublicKeyToken=null" name="SortbyField" />
    </UnitTest>
    <UnitTest name="InsertMovie" storage="f:\new tcs solution\asyncctplibarary\unittest\bin\debug\unittest.dll" id="f760e262-a7eb-b465-0534-e2c4ebed588d">
      <Execution id="a86da593-e8cf-4075-8a7f-1a7c5290df01" />
      <TestMethod codeBase="F:/New TCS Solution/AsyncCTPLibarary/UnitTest/bin/Debug/UnitTest.DLL" adapterTypeName="Microsoft.VisualStudio.TestTools.TestTypes.Unit.UnitTestAdapter, Microsoft.VisualStudio.QualityTools.Tips.UnitTest.Adapter, Version=10.0.0.0, Culture=neutral, PublicKeyToken=b03f5f7f11d50a3a" className="UnitTest.WcfMovieTest, UnitTest, Version=1.0.0.0, Culture=neutral, PublicKeyToken=null" name="InsertMovie" />
    </UnitTest>
    <UnitTest name="UpdateMovie" storage="f:\new tcs solution\asyncctplibarary\unittest\bin\debug\unittest.dll" id="f82d1243-5e07-5850-287a-342a29250b19">
      <Execution id="26a7203e-e280-4348-b73a-78ffbb1cf21a" />
      <TestMethod codeBase="F:/New TCS Solution/AsyncCTPLibarary/UnitTest/bin/Debug/UnitTest.DLL" adapterTypeName="Microsoft.VisualStudio.TestTools.TestTypes.Unit.UnitTestAdapter, Microsoft.VisualStudio.QualityTools.Tips.UnitTest.Adapter, Version=10.0.0.0, Culture=neutral, PublicKeyToken=b03f5f7f11d50a3a" className="UnitTest.WcfMovieTest, UnitTest, Version=1.0.0.0, Culture=neutral, PublicKeyToken=null" name="UpdateMovie" />
    </UnitTest>
    <UnitTest name="GetAllMoviesTest" storage="f:\new tcs solution\asyncctplibarary\unittest\bin\debug\unittest.dll" id="df876264-5bd4-f4d3-053c-3dcc707489e5">
      <Execution id="d2b5af2e-e827-465b-8295-023c8db5dcd1" />
      <TestMethod codeBase="F:/New TCS Solution/AsyncCTPLibarary/UnitTest/bin/Debug/UnitTest.DLL" adapterTypeName="Microsoft.VisualStudio.TestTools.TestTypes.Unit.UnitTestAdapter, Microsoft.VisualStudio.QualityTools.Tips.UnitTest.Adapter, Version=10.0.0.0, Culture=neutral, PublicKeyToken=b03f5f7f11d50a3a" className="UnitTest.WcfMovieTest, UnitTest, Version=1.0.0.0, Culture=neutral, PublicKeyToken=null" name="GetAllMoviesTest" />
    </UnitTest>
    <UnitTest name="SearchbyField" storage="f:\new tcs solution\asyncctplibarary\unittest\bin\debug\unittest.dll" id="40aa4fd5-9c35-8666-83bb-ab5134186cc5">
      <Execution id="24b0c945-40db-455f-ab82-90b5b396e6ec" />
      <TestMethod codeBase="F:/New TCS Solution/AsyncCTPLibarary/UnitTest/bin/Debug/UnitTest.DLL" adapterTypeName="Microsoft.VisualStudio.TestTools.TestTypes.Unit.UnitTestAdapter, Microsoft.VisualStudio.QualityTools.Tips.UnitTest.Adapter, Version=10.0.0.0, Culture=neutral, PublicKeyToken=b03f5f7f11d50a3a" className="UnitTest.WcfMovieTest, UnitTest, Version=1.0.0.0, Culture=neutral, PublicKeyToken=null" name="SearchbyField" />
    </UnitTest>
  </TestDefinitions>
  <TestLists>
    <TestList name="Results Not in a List" id="8c84fa94-04c1-424b-9868-57a2d4851a1d" />
    <TestList name="All Loaded Results" id="19431567-8539-422a-85d7-44ee4e166bda" />
  </TestLists>
  <TestEntries>
    <TestEntry testId="40aa4fd5-9c35-8666-83bb-ab5134186cc5" executionId="24b0c945-40db-455f-ab82-90b5b396e6ec" testListId="8c84fa94-04c1-424b-9868-57a2d4851a1d" />
    <TestEntry testId="4e87278e-4535-cf24-8254-4aae1fffc16f" executionId="b9b5450d-fa22-4768-a7b3-e03739983bbe" testListId="8c84fa94-04c1-424b-9868-57a2d4851a1d" />
    <TestEntry testId="df876264-5bd4-f4d3-053c-3dcc707489e5" executionId="d2b5af2e-e827-465b-8295-023c8db5dcd1" testListId="8c84fa94-04c1-424b-9868-57a2d4851a1d" />
    <TestEntry testId="f760e262-a7eb-b465-0534-e2c4ebed588d" executionId="a86da593-e8cf-4075-8a7f-1a7c5290df01" testListId="8c84fa94-04c1-424b-9868-57a2d4851a1d" />
    <TestEntry testId="f82d1243-5e07-5850-287a-342a29250b19" executionId="26a7203e-e280-4348-b73a-78ffbb1cf21a" testListId="8c84fa94-04c1-424b-9868-57a2d4851a1d" />
  </TestEntries>
  <Results>
    <UnitTestResult executionId="24b0c945-40db-455f-ab82-90b5b396e6ec" testId="40aa4fd5-9c35-8666-83bb-ab5134186cc5" testName="SearchbyField" computerName="HP-HP" duration="00:00:21.9448265" startTime="2014-02-26T07:08:32.4906461+05:30" endTime="2014-02-26T07:08:56.2620057+05:30" testType="13cdc9d9-ddb5-4fa4-a97d-d965ccfc6d4b" outcome="Passed" testListId="8c84fa94-04c1-424b-9868-57a2d4851a1d" relativeResultsDirectory="24b0c945-40db-455f-ab82-90b5b396e6ec">
    </UnitTestResult>
    <UnitTestResult executionId="b9b5450d-fa22-4768-a7b3-e03739983bbe" testId="4e87278e-4535-cf24-8254-4aae1fffc16f" testName="SortbyField" computerName="HP-HP" duration="00:00:04.0130680" startTime="2014-02-26T07:08:56.2870072+05:30" endTime="2014-02-26T07:09:00.3082372+05:30" testType="13cdc9d9-ddb5-4fa4-a97d-d965ccfc6d4b" outcome="Passed" testListId="8c84fa94-04c1-424b-9868-57a2d4851a1d" relativeResultsDirectory="b9b5450d-fa22-4768-a7b3-e03739983bbe">
    </UnitTestResult>
    <UnitTestResult executionId="d2b5af2e-e827-465b-8295-023c8db5dcd1" testId="df876264-5bd4-f4d3-053c-3dcc707489e5" testName="GetAllMoviesTest" computerName="HP-HP" duration="00:00:02.0070818" startTime="2014-02-26T07:09:00.3342387+05:30" endTime="2014-02-26T07:09:02.3543542+05:30" testType="13cdc9d9-ddb5-4fa4-a97d-d965ccfc6d4b" outcome="Passed" testListId="8c84fa94-04c1-424b-9868-57a2d4851a1d" relativeResultsDirectory="d2b5af2e-e827-465b-8295-023c8db5dcd1">
    </UnitTestResult>
    <UnitTestResult executionId="a86da593-e8cf-4075-8a7f-1a7c5290df01" testId="f760e262-a7eb-b465-0534-e2c4ebed588d" testName="InsertMovie" computerName="HP-HP" duration="00:00:03.0021717" startTime="2014-02-26T07:09:02.3763555+05:30" endTime="2014-02-26T07:09:05.3785272+05:30" testType="13cdc9d9-ddb5-4fa4-a97d-d965ccfc6d4b" outcome="Aborted" testListId="8c84fa94-04c1-424b-9868-57a2d4851a1d" relativeResultsDirectory="a86da593-e8cf-4075-8a7f-1a7c5290df01">
    </UnitTestResult>
    <UnitTestResult executionId="26a7203e-e280-4348-b73a-78ffbb1cf21a" testId="f82d1243-5e07-5850-287a-342a29250b19" testName="UpdateMovie" computerName="HP-HP" testType="13cdc9d9-ddb5-4fa4-a97d-d965ccfc6d4b" outcome="NotExecuted" testListId="8c84fa94-04c1-424b-9868-57a2d4851a1d" relativeResultsDirectory="26a7203e-e280-4348-b73a-78ffbb1cf21a">
    </UnitTestResult>
  </Results>
</TestRun>